TN:
SF:kernel\authorization\contexts\AuditContext.js
FN:9,(anonymous_0)
FN:17,(anonymous_1)
FNF:2
FNH:0
FNDA:0,(anonymous_0)
FNDA:0,(anonymous_1)
DA:10,0
DA:11,0
DA:12,0
DA:13,0
DA:14,0
DA:18,0
DA:22,0
LF:7
LH:0
BRDA:9,0,0,0
BRF:1
BRH:0
end_of_record
TN:
SF:kernel\authorization\contexts\AuthorizationSnapshot.js
FN:9,(anonymous_0)
FN:24,(anonymous_1)
FNF:2
FNH:0
FNDA:0,(anonymous_0)
FNDA:0,(anonymous_1)
DA:1,0
DA:10,0
DA:12,0
DA:13,0
DA:14,0
DA:15,0
DA:16,0
DA:17,0
DA:18,0
DA:19,0
DA:21,0
DA:25,0
DA:26,0
DA:30,0
LF:14
LH:0
BRDA:15,0,0,0
BRDA:15,0,1,0
BRDA:19,1,0,0
BRDA:19,1,1,0
BRDA:25,2,0,0
BRDA:25,2,1,0
BRDA:25,3,0,0
BRDA:25,3,1,0
BRF:8
BRH:0
end_of_record
TN:
SF:kernel\authorization\contexts\CorrelationChain.js
FN:4,(anonymous_0)
FNF:1
FNH:0
FNDA:0,(anonymous_0)
DA:1,0
DA:5,0
DA:6,0
DA:7,0
DA:8,0
DA:10,0
DA:14,0
LF:7
LH:0
BRDA:5,0,0,0
BRDA:5,0,1,0
BRDA:6,1,0,0
BRDA:6,1,1,0
BRDA:7,2,0,0
BRDA:7,2,1,0
BRDA:8,3,0,0
BRDA:8,3,1,0
BRF:8
BRH:0
end_of_record
TN:
SF:kernel\authorization\contexts\CorrelationId.js
FN:4,(anonymous_0)
FN:8,(anonymous_1)
FNF:2
FNH:0
FNDA:0,(anonymous_0)
FNDA:0,(anonymous_1)
DA:1,0
DA:5,0
DA:9,0
DA:13,0
LF:4
LH:0
BRDA:5,0,0,0
BRDA:5,0,1,0
BRF:2
BRH:0
end_of_record
TN:
SF:kernel\authorization\contexts\RequestContext.js
FN:10,(anonymous_0)
FNF:1
FNH:0
FNDA:0,(anonymous_0)
DA:1,0
DA:11,0
DA:12,0
DA:14,0
DA:15,0
DA:16,0
DA:17,0
DA:21,0
LF:8
LH:0
BRDA:11,0,0,0
BRDA:11,0,1,0
BRDA:12,1,0,0
BRDA:12,1,1,0
BRDA:16,2,0,0
BRDA:16,2,1,0
BRF:6
BRH:0
end_of_record
TN:
SF:kernel\authorization\contexts\TenantContext.js
FN:10,(anonymous_0)
FN:21,(anonymous_1)
FNF:2
FNH:0
FNDA:0,(anonymous_0)
FNDA:0,(anonymous_1)
DA:11,0
DA:12,0
DA:14,0
DA:15,0
DA:16,0
DA:17,0
DA:18,0
DA:23,0
DA:24,0
DA:28,0
LF:10
LH:0
BRDA:10,0,0,0
BRDA:11,1,0,0
BRDA:11,1,1,0
BRDA:12,2,0,0
BRDA:12,2,1,0
BRDA:23,3,0,0
BRDA:23,3,1,0
BRDA:23,4,0,0
BRDA:23,4,1,0
BRF:9
BRH:0
end_of_record
TN:
SF:kernel\authorization\middlewares\authMiddleware.js
FN:10,(anonymous_0)
FNF:1
FNH:0
FNDA:0,(anonymous_0)
DA:1,0
DA:2,0
DA:3,0
DA:4,0
DA:10,0
DA:11,0
DA:12,0
DA:13,0
DA:14,0
DA:17,0
DA:20,0
DA:22,0
DA:23,0
DA:26,0
DA:30,0
DA:31,0
DA:33,0
DA:37,0
DA:46,0
DA:47,0
DA:48,0
DA:50,0
DA:60,0
DA:62,0
DA:68,0
DA:69,0
DA:73,0
DA:74,0
DA:75,0
DA:77,0
DA:93,0
DA:110,0
DA:111,0
DA:113,0
DA:115,0
DA:116,0
DA:120,0
LF:37
LH:0
BRDA:13,0,0,0
BRDA:13,0,1,0
BRDA:13,1,0,0
BRDA:13,1,1,0
BRDA:22,2,0,0
BRDA:22,2,1,0
BRDA:22,3,0,0
BRDA:22,3,1,0
BRDA:60,4,0,0
BRDA:60,4,1,0
BRDA:60,5,0,0
BRDA:60,5,1,0
BRDA:68,6,0,0
BRDA:68,6,1,0
BRDA:74,7,0,0
BRDA:74,7,1,0
BRF:16
BRH:0
end_of_record
TN:
SF:kernel\authorization\middlewares\permissionMiddleware.js
FN:8,(anonymous_0)
FN:9,(anonymous_1)
FNF:2
FNH:0
FNDA:0,(anonymous_0)
FNDA:0,(anonymous_1)
DA:1,0
DA:8,0
DA:9,0
DA:10,0
DA:11,0
DA:12,0
DA:15,0
DA:17,0
DA:19,0
DA:20,0
DA:23,0
DA:25,0
DA:26,0
DA:34,0
DA:36,0
DA:38,0
DA:39,0
DA:44,0
LF:18
LH:0
BRDA:11,0,0,0
BRDA:11,0,1,0
BRDA:11,1,0,0
BRDA:11,1,1,0
BRDA:17,2,0,0
BRDA:17,2,1,0
BRDA:25,3,0,0
BRDA:25,3,1,0
BRF:8
BRH:0
end_of_record
TN:
SF:kernel\authorization\strategies\DomainResolutionStrategy.js
FN:13,(anonymous_0)
FN:49,(anonymous_1)
FNF:2
FNH:0
FNDA:0,(anonymous_0)
FNDA:0,(anonymous_1)
DA:1,0
DA:14,0
DA:15,0
DA:18,0
DA:21,0
DA:28,0
DA:29,0
DA:34,0
DA:37,0
DA:39,0
DA:43,0
DA:46,0
DA:51,0
DA:52,0
DA:56,0
LF:15
LH:0
BRDA:14,0,0,0
BRDA:14,0,1,0
BRDA:18,1,0,0
BRDA:18,1,1,0
BRDA:18,2,0,0
BRDA:18,2,1,0
BRDA:18,2,2,0
BRDA:28,3,0,0
BRDA:28,3,1,0
BRDA:34,4,0,0
BRDA:34,4,1,0
BRDA:37,5,0,0
BRDA:37,5,1,0
BRDA:39,6,0,0
BRDA:39,6,1,0
BRDA:51,7,0,0
BRDA:51,7,1,0
BRDA:52,8,0,0
BRDA:52,8,1,0
BRDA:52,8,2,0
BRF:20
BRH:0
end_of_record
TN:
SF:kernel\contracts\IConfigurationProvider.js
FN:7,(anonymous_0)
FN:13,(anonymous_1)
FNF:2
FNH:0
FNDA:0,(anonymous_0)
FNDA:0,(anonymous_1)
DA:7,0
DA:13,0
DA:16,0
LF:3
LH:0
BRDA:7,0,0,0
BRF:1
BRH:0
end_of_record
TN:
SF:kernel\contracts\IEntitlementRepository.js
FN:11,(anonymous_0)
FN:22,(anonymous_1)
FN:32,(anonymous_2)
FN:45,(anonymous_3)
FNF:4
FNH:0
FNDA:0,(anonymous_0)
FNDA:0,(anonymous_1)
FNDA:0,(anonymous_2)
FNDA:0,(anonymous_3)
DA:12,0
DA:23,0
DA:33,0
DA:46,0
DA:50,0
LF:5
LH:0
BRF:0
BRH:0
end_of_record
TN:
SF:kernel\contracts\IEventBus.js
FN:6,(anonymous_0)
FN:13,(anonymous_1)
FNF:2
FNH:0
FNDA:0,(anonymous_0)
FNDA:0,(anonymous_1)
DA:6,0
DA:13,0
DA:16,0
LF:3
LH:0
BRF:0
BRH:0
end_of_record
TN:
SF:kernel\contracts\ITransactionManager.js
FN:2,(anonymous_0)
FN:3,(anonymous_1)
FN:4,(anonymous_2)
FN:9,(anonymous_3)
FNF:4
FNH:0
FNDA:0,(anonymous_0)
FNDA:0,(anonymous_1)
FNDA:0,(anonymous_2)
FNDA:0,(anonymous_3)
DA:2,0
DA:3,0
DA:4,0
DA:9,0
DA:12,0
LF:5
LH:0
BRF:0
BRH:0
end_of_record
TN:
SF:kernel\core\FeatureRegistry.js
FN:386,(anonymous_0)
FN:387,(anonymous_1)
FN:393,(anonymous_2)
FNF:3
FNH:2
FNDA:25,(anonymous_0)
FNDA:324,(anonymous_1)
FNDA:0,(anonymous_2)
DA:8,1
DA:66,1
DA:387,324
DA:394,0
DA:398,1
LF:5
LH:4
BRF:0
BRH:0
end_of_record
TN:
SF:kernel\entitlements\PolicyPipeline.js
FN:8,(anonymous_0)
FN:14,(anonymous_1)
FN:57,(anonymous_2)
FNF:3
FNH:0
FNDA:0,(anonymous_0)
FNDA:0,(anonymous_1)
FNDA:0,(anonymous_2)
DA:1,0
DA:9,0
DA:10,0
DA:11,0
DA:15,0
DA:16,0
DA:19,0
DA:20,0
DA:24,0
DA:26,0
DA:27,0
DA:28,0
DA:30,0
DA:31,0
DA:33,0
DA:35,0
DA:37,0
DA:41,0
DA:42,0
DA:43,0
DA:45,0
DA:46,0
DA:50,0
DA:54,0
DA:59,0
DA:63,0
LF:26
LH:0
BRDA:14,0,0,0
BRDA:16,1,0,0
BRDA:16,1,1,0
BRDA:19,2,0,0
BRDA:19,2,1,0
BRDA:19,3,0,0
BRDA:19,3,1,0
BRDA:26,4,0,0
BRDA:26,4,1,0
BRDA:27,5,0,0
BRDA:27,5,1,0
BRDA:28,6,0,0
BRDA:28,6,1,0
BRDA:31,7,0,0
BRDA:31,7,1,0
BRDA:35,8,0,0
BRDA:35,8,1,0
BRDA:41,9,0,0
BRDA:41,9,1,0
BRDA:41,9,2,0
BRDA:43,10,0,0
BRDA:43,10,1,0
BRDA:50,11,0,0
BRDA:50,11,1,0
BRF:24
BRH:0
end_of_record
TN:
SF:kernel\errors\KernelError.js
FN:13,(anonymous_0)
FN:23,(anonymous_1)
FNF:2
FNH:1
FNDA:29,(anonymous_0)
FNDA:0,(anonymous_1)
DA:14,29
DA:15,29
DA:16,29
DA:17,29
DA:18,29
DA:19,29
DA:20,29
DA:24,0
DA:35,4
LF:9
LH:8
BRDA:13,0,0,0
BRDA:13,1,0,0
BRDA:13,2,0,0
BRF:3
BRH:0
end_of_record
TN:
SF:kernel\errors\index.js
FN:4,(anonymous_0)
FN:10,(anonymous_1)
FN:16,(anonymous_2)
FN:22,(anonymous_3)
FN:28,(anonymous_4)
FN:34,(anonymous_5)
FN:40,(anonymous_6)
FN:46,(anonymous_7)
FNF:8
FNH:4
FNDA:2,(anonymous_0)
FNDA:2,(anonymous_1)
FNDA:1,(anonymous_2)
FNDA:23,(anonymous_3)
FNDA:0,(anonymous_4)
FNDA:0,(anonymous_5)
FNDA:0,(anonymous_6)
FNDA:0,(anonymous_7)
DA:1,4
DA:5,2
DA:11,2
DA:17,1
DA:23,23
DA:29,0
DA:35,0
DA:41,0
DA:47,0
DA:51,4
LF:10
LH:6
BRDA:4,0,0,1
BRDA:4,1,0,2
BRDA:10,2,0,1
BRDA:10,3,0,2
BRDA:16,4,0,0
BRDA:16,5,0,1
BRDA:22,6,0,22
BRDA:22,7,0,23
BRDA:28,8,0,0
BRDA:28,9,0,0
BRDA:34,10,0,0
BRDA:34,11,0,0
BRDA:40,12,0,0
BRDA:40,13,0,0
BRDA:46,14,0,0
BRDA:46,15,0,0
BRF:16
BRH:7
end_of_record
TN:
SF:kernel\events\DomainEvent.js
FN:5,(anonymous_0)
FNF:1
FNH:1
FNDA:9,(anonymous_0)
DA:1,2
DA:2,2
DA:6,9
DA:7,8
DA:8,6
DA:10,6
DA:11,6
DA:12,6
DA:13,6
DA:14,6
DA:15,6
DA:16,6
DA:20,2
LF:13
LH:13
BRDA:5,0,0,0
BRDA:6,1,0,1
BRDA:6,1,1,8
BRDA:7,2,0,2
BRDA:7,2,1,6
BRDA:7,3,0,8
BRDA:7,3,1,6
BRDA:8,4,0,0
BRDA:8,4,1,6
BRDA:16,5,0,6
BRDA:16,5,1,5
BRF:11
BRH:9
end_of_record
TN:
SF:kernel\events\EventFactory.js
FN:5,(anonymous_0)
FN:9,(anonymous_1)
FN:13,(anonymous_2)
FNF:3
FNH:2
FNDA:8,(anonymous_0)
FNDA:1,(anonymous_1)
FNDA:0,(anonymous_2)
DA:1,2
DA:2,2
DA:6,8
DA:10,1
DA:14,0
DA:18,2
LF:6
LH:5
BRDA:5,0,0,4
BRDA:9,1,0,0
BRDA:13,2,0,0
BRF:3
BRH:1
end_of_record
TN:
SF:kernel\events\EventTypes.js
FNF:0
FNH:0
DA:1,2
DA:11,2
LF:2
LH:2
BRF:0
BRH:0
end_of_record
TN:
SF:kernel\events\index.js
FNF:0
FNH:0
DA:1,2
DA:2,2
DA:3,2
DA:5,2
LF:4
LH:4
BRF:0
BRH:0
end_of_record
TN:
SF:kernel\ids\index.js
FN:8,createIdParser
FN:10,(anonymous_1)
FN:19,(anonymous_2)
FN:22,(anonymous_3)
FN:31,createStringIdParser
FN:33,(anonymous_5)
FN:42,(anonymous_6)
FN:45,(anonymous_7)
FNF:8
FNH:4
FNDA:14,createIdParser
FNDA:28,(anonymous_1)
FNDA:0,(anonymous_2)
FNDA:0,(anonymous_3)
FNDA:2,createStringIdParser
FNDA:17,(anonymous_5)
FNDA:0,(anonymous_6)
FNDA:0,(anonymous_7)
DA:1,2
DA:2,2
DA:9,14
DA:11,28
DA:12,6
DA:14,22
DA:15,7
DA:17,15
DA:20,0
DA:23,0
DA:32,2
DA:34,17
DA:35,5
DA:37,12
DA:38,1
DA:40,11
DA:43,0
DA:46,0
DA:51,2
DA:52,2
DA:53,2
DA:54,2
DA:55,2
DA:56,2
DA:57,2
DA:59,2
DA:61,2
LF:27
LH:23
BRDA:11,0,0,6
BRDA:11,0,1,22
BRDA:14,1,0,7
BRDA:14,1,1,15
BRDA:20,2,0,0
BRDA:20,2,1,0
BRDA:34,3,0,5
BRDA:34,3,1,12
BRDA:34,4,0,17
BRDA:34,4,1,14
BRDA:34,4,2,12
BRDA:37,5,0,1
BRDA:37,5,1,11
BRDA:43,6,0,0
BRDA:43,6,1,0
BRF:15
BRH:11
end_of_record
TN:
SF:kernel\policy\EntitlementFacade.js
FN:13,(anonymous_0)
FN:22,(anonymous_1)
FN:51,(anonymous_2)
FN:70,(anonymous_3)
FN:97,(anonymous_4)
FN:119,(anonymous_5)
FNF:6
FNH:6
FNDA:9,(anonymous_0)
FNDA:7,(anonymous_1)
FNDA:2,(anonymous_2)
FNDA:2,(anonymous_3)
FNDA:1,(anonymous_4)
FNDA:1,(anonymous_5)
DA:1,1
DA:2,1
DA:3,1
DA:4,1
DA:5,1
DA:15,9
DA:16,9
DA:23,7
DA:24,7
DA:27,7
DA:30,7
DA:33,7
DA:35,7
DA:36,7
DA:38,7
DA:52,2
DA:55,2
DA:57,2
DA:58,1
DA:61,1
DA:71,2
DA:72,2
DA:73,2
DA:75,2
DA:77,2
DA:82,2
DA:83,1
DA:86,1
DA:87,1
DA:88,1
DA:91,1
DA:98,1
DA:99,1
DA:100,1
DA:102,1
DA:108,1
DA:109,1
DA:110,1
DA:113,1
DA:120,1
DA:121,1
DA:131,1
DA:132,1
LF:43
LH:43
BRDA:13,0,0,1
BRDA:15,1,0,9
BRDA:15,1,1,1
BRDA:30,2,0,7
BRDA:30,2,1,0
BRDA:33,3,0,7
BRDA:33,3,1,0
BRDA:35,4,0,7
BRDA:35,4,1,0
BRDA:44,5,0,6
BRDA:44,5,1,1
BRDA:51,6,0,0
BRDA:57,7,0,1
BRDA:57,7,1,1
BRDA:70,8,0,2
BRDA:73,9,0,2
BRDA:73,9,1,2
BRDA:82,10,0,1
BRDA:82,10,1,1
BRDA:86,11,0,1
BRDA:86,11,1,0
BRDA:97,12,0,1
BRDA:100,13,0,1
BRDA:100,13,1,1
BRDA:108,14,0,1
BRDA:108,14,1,0
BRF:26
BRH:20
end_of_record
TN:
SF:kernel\policy\policyMiddleware.js
FN:15,(anonymous_0)
FN:19,(anonymous_1)
FN:104,(anonymous_2)
FNF:3
FNH:0
FNDA:0,(anonymous_0)
FNDA:0,(anonymous_1)
FNDA:0,(anonymous_2)
DA:1,0
DA:2,0
DA:3,0
DA:15,0
DA:17,0
DA:19,0
DA:20,0
DA:21,0
DA:22,0
DA:24,0
DA:25,0
DA:28,0
DA:29,0
DA:32,0
DA:33,0
DA:34,0
DA:37,0
DA:39,0
DA:40,0
DA:42,0
DA:43,0
DA:44,0
DA:45,0
DA:47,0
DA:62,0
DA:65,0
DA:69,0
DA:70,0
DA:71,0
DA:72,0
DA:73,0
DA:75,0
DA:76,0
DA:84,0
DA:86,0
DA:93,0
DA:101,0
DA:103,0
DA:104,0
DA:105,0
DA:109,0
DA:110,0
DA:113,0
DA:116,0
DA:118,0
DA:119,0
DA:120,0
DA:122,0
DA:127,0
LF:49
LH:0
BRDA:17,0,0,0
BRDA:17,0,1,0
BRDA:24,1,0,0
BRDA:24,1,1,0
BRDA:28,2,0,0
BRDA:28,2,1,0
BRDA:33,3,0,0
BRDA:33,3,1,0
BRDA:37,4,0,0
BRDA:37,4,1,0
BRDA:42,5,0,0
BRDA:42,5,1,0
BRDA:44,6,0,0
BRDA:44,6,1,0
BRDA:45,7,0,0
BRDA:45,7,1,0
BRDA:51,8,0,0
BRDA:51,8,1,0
BRDA:73,9,0,0
BRDA:73,9,1,0
BRDA:75,10,0,0
BRDA:75,10,1,0
BRDA:77,11,0,0
BRDA:77,11,1,0
BRDA:78,12,0,0
BRDA:78,12,1,0
BRDA:80,13,0,0
BRDA:80,13,1,0
BRDA:109,14,0,0
BRDA:109,14,1,0
BRDA:119,15,0,0
BRDA:119,15,1,0
BRF:32
BRH:0
end_of_record
TN:
SF:kernel\repositories\SupabaseEntitlementRepository.js
FN:5,(anonymous_0)
FN:18,(anonymous_1)
FN:34,(anonymous_2)
FN:51,(anonymous_3)
FNF:4
FNH:0
FNDA:0,(anonymous_0)
FNDA:0,(anonymous_1)
FNDA:0,(anonymous_2)
FNDA:0,(anonymous_3)
DA:1,0
DA:2,0
DA:6,0
DA:12,0
DA:13,0
DA:15,0
DA:19,0
DA:24,0
DA:25,0
DA:28,0
DA:35,0
DA:42,0
DA:43,0
DA:46,0
DA:52,0
DA:67,0
DA:68,0
DA:71,0
DA:75,0
LF:19
LH:0
BRDA:12,0,0,0
BRDA:12,0,1,0
BRDA:12,1,0,0
BRDA:12,1,1,0
BRDA:24,2,0,0
BRDA:24,2,1,0
BRDA:42,3,0,0
BRDA:42,3,1,0
BRDA:47,4,0,0
BRDA:47,4,1,0
BRDA:67,5,0,0
BRDA:67,5,1,0
BRF:12
BRH:0
end_of_record
TN:
SF:kernel\types\EntitlementResult.js
FN:4,createEntitlementResult
FNF:1
FNH:1
FNDA:7,createEntitlementResult
DA:5,7
DA:16,1
LF:2
LH:2
BRDA:4,0,0,0
BRF:1
BRH:0
end_of_record
TN:
SF:kernel\types\PolicyDecision.js
FNF:0
FNH:0
DA:1,1
DA:7,1
LF:2
LH:2
BRF:0
BRH:0
end_of_record
TN:
SF:kernel\types\UsageResult.js
FN:1,createUsageResult
FNF:1
FNH:1
FNDA:1,createUsageResult
DA:2,1
DA:11,1
LF:2
LH:2
BRF:0
BRH:0
end_of_record
TN:
SF:kernel\types\index.js
FNF:0
FNH:0
DA:1,1
DA:2,1
DA:3,1
DA:5,1
LF:4
LH:4
BRF:0
BRH:0
end_of_record
